2017/01/12 00:42:19 Starting cygwin install, version 2.877
2017/01/12 00:42:19 User has backup/restore rights
2017/01/12 00:42:19 io_stream_cygfile: fopen(/etc/setup/setup.rc) failed 2 No such file or directory
2017/01/12 00:42:19 Current Directory: C:\Users\cmadas\OneDrive\toku-download-for-work\stdenv_cygwin\tmp_cache
2017/01/12 00:42:19 Could not open service McShield for query, start and stop. McAfee may not be installed, or we don't have access.
2017/01/12 00:42:19 root: C:\Users\cmadas\OneDrive\toku-download-for-work\stdenv_cygwin\cygwin64 system
2017/01/12 00:42:19 Selected local directory: C:\Users\cmadas\OneDrive\toku-download-for-work\stdenv_cygwin\tmp_cache
2017/01/12 00:42:19 net: Direct
2017/01/12 00:42:31 site: ftp://ftp.jaist.ac.jp/pub/cygwin/
2017/01/12 00:42:32 io_stream_cygfile: fopen(/etc/setup/installed.db) failed 2 No such file or directory
2017/01/12 00:42:43 Adding required dependency binutils: Selecting version 2.25-4 for installation.
2017/01/12 00:42:43 Adding required dependency bzip2: Selecting version 1.0.6-2 for installation.
2017/01/12 00:42:43 Adding required dependency ca-certificates: Selecting version 2.10-1 for installation.
2017/01/12 00:42:43 Adding required dependency cygwin-devel: Selecting version 2.6.1-1 for installation.
2017/01/12 00:42:43 Adding required dependency groff: Selecting version 1.22.3-1 for installation.
2017/01/12 00:42:43 Adding required dependency less: Selecting version 481-1 for installation.
2017/01/12 00:42:43 Adding required dependency libargp: Selecting version 20110921-3 for installation.
2017/01/12 00:42:43 Adding required dependency libattr1: Selecting version 2.4.46-1 for installation.
2017/01/12 00:42:43 Adding required dependency libblkid1: Selecting version 2.25.2-2 for installation.
2017/01/12 00:42:43 Adding required dependency libbz2_1: Selecting version 1.0.6-2 for installation.
2017/01/12 00:42:43 Adding required dependency libcom_err2: Selecting version 1.42.12-2 for installation.
2017/01/12 00:42:43 Adding required dependency libcrypt0: Selecting version 1.4-1 for installation.
2017/01/12 00:42:43 Adding required dependency libcurl4: Selecting version 7.52.1-1 for installation.
2017/01/12 00:42:43 Adding required dependency libdb5.3: Selecting version 5.3.28-1 for installation.
2017/01/12 00:42:43 Adding required dependency libexpat1: Selecting version 2.2.0-0 for installation.
2017/01/12 00:42:43 Adding required dependency libffi6: Selecting version 3.2.1-2 for installation.
2017/01/12 00:42:43 Adding required dependency libgcc1: Selecting version 5.4.0-1 for installation.
2017/01/12 00:42:43 Adding required dependency libgdbm4: Selecting version 1.12-1 for installation.
2017/01/12 00:42:43 Adding required dependency libgmp10: Selecting version 6.1.1-1 for installation.
2017/01/12 00:42:43 Adding required dependency libgssapi_krb5_2: Selecting version 1.14.4-1 for installation.
2017/01/12 00:42:43 Adding required dependency libguile17: Selecting version 1.8.8-1 for installation.
2017/01/12 00:42:43 Adding required dependency libiconv: Selecting version 1.14-3 for installation.
2017/01/12 00:42:43 Adding required dependency libiconv2: Selecting version 1.14-3 for installation.
2017/01/12 00:42:43 Adding required dependency libidn11: Selecting version 1.29-1 for installation.
2017/01/12 00:42:43 Adding required dependency libidn2_0: Selecting version 0.11-1 for installation.
2017/01/12 00:42:43 Adding required dependency libintl-devel: Selecting version 0.19.8.1-2 for installation.
2017/01/12 00:42:43 Adding required dependency libintl8: Selecting version 0.19.8.1-2 for installation.
2017/01/12 00:42:43 Adding required dependency libk5crypto3: Selecting version 1.14.4-1 for installation.
2017/01/12 00:42:43 Adding required dependency libkrb5support0: Selecting version 1.14.4-1 for installation.
2017/01/12 00:42:43 Adding required dependency libkrb5_3: Selecting version 1.14.4-1 for installation.
2017/01/12 00:42:43 Adding required dependency libltdl7: Selecting version 2.4.6-4 for installation.
2017/01/12 00:42:43 Adding required dependency liblzma5: Selecting version 5.2.2-1 for installation.
2017/01/12 00:42:43 Adding required dependency libmetalink3: Selecting version 0.1.2-1 for installation.
2017/01/12 00:42:43 Adding required dependency libmpfr4: Selecting version 3.1.5-1 for installation.
2017/01/12 00:42:43 Adding required dependency libncursesw10: Selecting version 6.0-8.20160917 for installation.
2017/01/12 00:42:43 Adding required dependency libnghttp2_14: Selecting version 1.14.0-1 for installation.
2017/01/12 00:42:43 Adding required dependency libopenldap2_4_2: Selecting version 2.4.42-1 for installation.
2017/01/12 00:42:43 Adding required dependency libp11-kit0: Selecting version 0.22.1-1 for installation.
2017/01/12 00:42:43 Adding required dependency libpcre1: Selecting version 8.39-1 for installation.
2017/01/12 00:42:43 Adding required dependency libpipeline1: Selecting version 1.4.0-1 for installation.
2017/01/12 00:42:43 Adding required dependency libpopt-common: Selecting version 1.16-2 for installation.
2017/01/12 00:42:43 Adding required dependency libpopt0: Selecting version 1.16-2 for installation.
2017/01/12 00:42:43 Adding required dependency libpsl5: Selecting version 0.14.0-2 for installation.
2017/01/12 00:42:43 Adding required dependency libsasl2_3: Selecting version 2.1.26-9 for installation.
2017/01/12 00:42:43 Adding required dependency libsigsegv2: Selecting version 2.10-2 for installation.
2017/01/12 00:42:43 Adding required dependency libsmartcols1: Selecting version 2.25.2-2 for installation.
2017/01/12 00:42:43 Adding required dependency libsqlite3_0: Selecting version 3.15.2-1 for installation.
2017/01/12 00:42:43 Adding required dependency libssh2_1: Selecting version 1.7.0-1 for installation.
2017/01/12 00:42:43 Adding required dependency libssp0: Selecting version 5.4.0-1 for installation.
2017/01/12 00:42:43 Adding required dependency libstdc++6: Selecting version 5.4.0-1 for installation.
2017/01/12 00:42:43 Adding required dependency libtasn1_6: Selecting version 4.9-1 for installation.
2017/01/12 00:42:43 Adding required dependency libunistring2: Selecting version 0.9.6-1 for installation.
2017/01/12 00:42:43 Adding required dependency libuuid-devel: Selecting version 2.25.2-2 for installation.
2017/01/12 00:42:43 Adding required dependency libuuid1: Selecting version 2.25.2-2 for installation.
2017/01/12 00:42:43 Adding required dependency p11-kit: Selecting version 0.22.1-1 for installation.
2017/01/12 00:42:43 Adding required dependency p11-kit-trust: Selecting version 0.22.1-1 for installation.
2017/01/12 00:42:43 Adding required dependency tzcode: Selecting version 2016j-1 for installation.
2017/01/12 00:42:43 Adding required dependency xz: Selecting version 5.2.2-1 for installation.
2017/01/12 00:42:43 Adding required dependency zlib0: Selecting version 1.2.8-3 for installation.
2017/01/12 00:42:43 Downloaded C:\Users\cmadas\OneDrive\toku-download-for-work\stdenv_cygwin\tmp_cache/ftp%3a%2f%2fftp.jaist.ac.jp%2fpub%2fcygwin%2f/noarch/release/_autorebase/_autorebase-001004-1.tar.xz
2017/01/12 00:42:43 Downloaded C:\Users\cmadas\OneDrive\toku-download-for-work\stdenv_cygwin\tmp_cache/ftp%3a%2f%2fftp.jaist.ac.jp%2fpub%2fcygwin%2f/x86_64/release/alternatives/alternatives-1.3.30c-10.tar.bz2
2017/01/12 00:42:43 Downloaded C:\Users\cmadas\OneDrive\toku-download-for-work\stdenv_cygwin\tmp_cache/ftp%3a%2f%2fftp.jaist.ac.jp%2fpub%2fcygwin%2f/noarch/release/base-cygwin/base-cygwin-3.8-1.tar.xz
2017/01/12 00:42:43 Downloaded C:\Users\cmadas\OneDrive\toku-download-for-work\stdenv_cygwin\tmp_cache/ftp%3a%2f%2fftp.jaist.ac.jp%2fpub%2fcygwin%2f/noarch/release/base-files/base-files-4.2-4.tar.xz
2017/01/12 00:42:44 Downloaded C:\Users\cmadas\OneDrive\toku-download-for-work\stdenv_cygwin\tmp_cache/ftp%3a%2f%2fftp.jaist.ac.jp%2fpub%2fcygwin%2f/x86_64/release/bash/bash-4.4.5-1.tar.xz
2017/01/12 00:42:51 Downloaded C:\Users\cmadas\OneDrive\toku-download-for-work\stdenv_cygwin\tmp_cache/ftp%3a%2f%2fftp.jaist.ac.jp%2fpub%2fcygwin%2f/x86_64/release/binutils/binutils-2.25-4.tar.xz
2017/01/12 00:42:51 Downloaded C:\Users\cmadas\OneDrive\toku-download-for-work\stdenv_cygwin\tmp_cache/ftp%3a%2f%2fftp.jaist.ac.jp%2fpub%2fcygwin%2f/x86_64/release/bzip2/bzip2-1.0.6-2.tar.bz2
2017/01/12 00:42:51 Downloaded C:\Users\cmadas\OneDrive\toku-download-for-work\stdenv_cygwin\tmp_cache/ftp%3a%2f%2fftp.jaist.ac.jp%2fpub%2fcygwin%2f/noarch/release/ca-certificates/ca-certificates-2.10-1.tar.xz
2017/01/12 00:42:52 Downloaded C:\Users\cmadas\OneDrive\toku-download-for-work\stdenv_cygwin\tmp_cache/ftp%3a%2f%2fftp.jaist.ac.jp%2fpub%2fcygwin%2f/x86_64/release/coreutils/coreutils-8.26-1.tar.xz
2017/01/12 00:42:52 Downloaded C:\Users\cmadas\OneDrive\toku-download-for-work\stdenv_cygwin\tmp_cache/ftp%3a%2f%2fftp.jaist.ac.jp%2fpub%2fcygwin%2f/x86_64/release/curl/curl-7.52.1-1.tar.xz
2017/01/12 00:42:53 Downloaded C:\Users\cmadas\OneDrive\toku-download-for-work\stdenv_cygwin\tmp_cache/ftp%3a%2f%2fftp.jaist.ac.jp%2fpub%2fcygwin%2f/x86_64/release/cygutils/cygutils-1.4.15-2.tar.xz
2017/01/12 00:42:53 Downloaded C:\Users\cmadas\OneDrive\toku-download-for-work\stdenv_cygwin\tmp_cache/ftp%3a%2f%2fftp.jaist.ac.jp%2fpub%2fcygwin%2f/x86_64/release/cygwin/cygwin-2.6.1-1.tar.xz
2017/01/12 00:42:53 Downloaded C:\Users\cmadas\OneDrive\toku-download-for-work\stdenv_cygwin\tmp_cache/ftp%3a%2f%2fftp.jaist.ac.jp%2fpub%2fcygwin%2f/x86_64/release/cygwin/cygwin-devel/cygwin-devel-2.6.1-1.tar.xz
2017/01/12 00:42:54 Downloaded C:\Users\cmadas\OneDrive\toku-download-for-work\stdenv_cygwin\tmp_cache/ftp%3a%2f%2fftp.jaist.ac.jp%2fpub%2fcygwin%2f/x86_64/release/dash/dash-0.5.8-3.tar.xz
2017/01/12 00:42:54 Downloaded C:\Users\cmadas\OneDrive\toku-download-for-work\stdenv_cygwin\tmp_cache/ftp%3a%2f%2fftp.jaist.ac.jp%2fpub%2fcygwin%2f/x86_64/release/diffutils/diffutils-3.5-2.tar.xz
2017/01/12 00:42:54 Downloaded C:\Users\cmadas\OneDrive\toku-download-for-work\stdenv_cygwin\tmp_cache/ftp%3a%2f%2fftp.jaist.ac.jp%2fpub%2fcygwin%2f/x86_64/release/editrights/editrights-1.03-1.tar.xz
2017/01/12 00:42:54 Downloaded C:\Users\cmadas\OneDrive\toku-download-for-work\stdenv_cygwin\tmp_cache/ftp%3a%2f%2fftp.jaist.ac.jp%2fpub%2fcygwin%2f/x86_64/release/file/file-5.25-1.tar.xz
2017/01/12 00:42:55 Downloaded C:\Users\cmadas\OneDrive\toku-download-for-work\stdenv_cygwin\tmp_cache/ftp%3a%2f%2fftp.jaist.ac.jp%2fpub%2fcygwin%2f/x86_64/release/findutils/findutils-4.6.0-1.tar.xz
2017/01/12 00:42:55 Downloaded C:\Users\cmadas\OneDrive\toku-download-for-work\stdenv_cygwin\tmp_cache/ftp%3a%2f%2fftp.jaist.ac.jp%2fpub%2fcygwin%2f/x86_64/release/gawk/gawk-4.1.4-1.tar.xz
2017/01/12 00:42:55 Downloaded C:\Users\cmadas\OneDrive\toku-download-for-work\stdenv_cygwin\tmp_cache/ftp%3a%2f%2fftp.jaist.ac.jp%2fpub%2fcygwin%2f/x86_64/release/getent/getent-2.18.90-4.tar.xz
2017/01/12 00:42:56 Downloaded C:\Users\cmadas\OneDrive\toku-download-for-work\stdenv_cygwin\tmp_cache/ftp%3a%2f%2fftp.jaist.ac.jp%2fpub%2fcygwin%2f/x86_64/release/grep/grep-2.27-1.tar.xz
2017/01/12 00:42:57 Downloaded C:\Users\cmadas\OneDrive\toku-download-for-work\stdenv_cygwin\tmp_cache/ftp%3a%2f%2fftp.jaist.ac.jp%2fpub%2fcygwin%2f/x86_64/release/groff/groff-1.22.3-1.tar.xz
2017/01/12 00:42:57 Downloaded C:\Users\cmadas\OneDrive\toku-download-for-work\stdenv_cygwin\tmp_cache/ftp%3a%2f%2fftp.jaist.ac.jp%2fpub%2fcygwin%2f/x86_64/release/gzip/gzip-1.8-1.tar.xz
2017/01/12 00:42:57 Downloaded C:\Users\cmadas\OneDrive\toku-download-for-work\stdenv_cygwin\tmp_cache/ftp%3a%2f%2fftp.jaist.ac.jp%2fpub%2fcygwin%2f/x86_64/release/hostname/hostname-3.13-1.tar.bz2
2017/01/12 00:42:57 Downloaded C:\Users\cmadas\OneDrive\toku-download-for-work\stdenv_cygwin\tmp_cache/ftp%3a%2f%2fftp.jaist.ac.jp%2fpub%2fcygwin%2f/x86_64/release/texinfo/info/info-6.3-1.tar.xz
2017/01/12 00:42:58 Downloaded C:\Users\cmadas\OneDrive\toku-download-for-work\stdenv_cygwin\tmp_cache/ftp%3a%2f%2fftp.jaist.ac.jp%2fpub%2fcygwin%2f/x86_64/release/ipc-utils/ipc-utils-1.0-2.tar.bz2
2017/01/12 00:42:58 Downloaded C:\Users\cmadas\OneDrive\toku-download-for-work\stdenv_cygwin\tmp_cache/ftp%3a%2f%2fftp.jaist.ac.jp%2fpub%2fcygwin%2f/x86_64/release/less/less-481-1.tar.xz
2017/01/12 00:42:58 Downloaded C:\Users\cmadas\OneDrive\toku-download-for-work\stdenv_cygwin\tmp_cache/ftp%3a%2f%2fftp.jaist.ac.jp%2fpub%2fcygwin%2f/x86_64/release/libargp/libargp-20110921-3.tar.xz
2017/01/12 00:42:58 Downloaded C:\Users\cmadas\OneDrive\toku-download-for-work\stdenv_cygwin\tmp_cache/ftp%3a%2f%2fftp.jaist.ac.jp%2fpub%2fcygwin%2f/x86_64/release/attr/libattr1/libattr1-2.4.46-1.tar.bz2
2017/01/12 00:42:58 Downloaded C:\Users\cmadas\OneDrive\toku-download-for-work\stdenv_cygwin\tmp_cache/ftp%3a%2f%2fftp.jaist.ac.jp%2fpub%2fcygwin%2f/x86_64/release/util-linux/libblkid1/libblkid1-2.25.2-2.tar.xz
2017/01/12 00:42:58 Downloaded C:\Users\cmadas\OneDrive\toku-download-for-work\stdenv_cygwin\tmp_cache/ftp%3a%2f%2fftp.jaist.ac.jp%2fpub%2fcygwin%2f/x86_64/release/bzip2/libbz2_1/libbz2_1-1.0.6-2.tar.bz2
2017/01/12 00:42:59 Downloaded C:\Users\cmadas\OneDrive\toku-download-for-work\stdenv_cygwin\tmp_cache/ftp%3a%2f%2fftp.jaist.ac.jp%2fpub%2fcygwin%2f/x86_64/release/e2fsprogs/libcom_err2/libcom_err2-1.42.12-2.tar.xz
2017/01/12 00:42:59 Downloaded C:\Users\cmadas\OneDrive\toku-download-for-work\stdenv_cygwin\tmp_cache/ftp%3a%2f%2fftp.jaist.ac.jp%2fpub%2fcygwin%2f/x86_64/release/crypt/libcrypt0/libcrypt0-1.4-1.tar.xz
2017/01/12 00:42:59 Downloaded C:\Users\cmadas\OneDrive\toku-download-for-work\stdenv_cygwin\tmp_cache/ftp%3a%2f%2fftp.jaist.ac.jp%2fpub%2fcygwin%2f/x86_64/release/curl/libcurl4/libcurl4-7.52.1-1.tar.xz
2017/01/12 00:43:00 Downloaded C:\Users\cmadas\OneDrive\toku-download-for-work\stdenv_cygwin\tmp_cache/ftp%3a%2f%2fftp.jaist.ac.jp%2fpub%2fcygwin%2f/x86_64/release/db/libdb5.3/libdb5.3-5.3.28-1.tar.xz
2017/01/12 00:43:00 Downloaded C:\Users\cmadas\OneDrive\toku-download-for-work\stdenv_cygwin\tmp_cache/ftp%3a%2f%2fftp.jaist.ac.jp%2fpub%2fcygwin%2f/x86_64/release/expat/libexpat1/libexpat1-2.2.0-0.tar.xz
2017/01/12 00:43:00 Downloaded C:\Users\cmadas\OneDrive\toku-download-for-work\stdenv_cygwin\tmp_cache/ftp%3a%2f%2fftp.jaist.ac.jp%2fpub%2fcygwin%2f/x86_64/release/libffi/libffi6/libffi6-3.2.1-2.tar.xz
2017/01/12 00:43:00 Downloaded C:\Users\cmadas\OneDrive\toku-download-for-work\stdenv_cygwin\tmp_cache/ftp%3a%2f%2fftp.jaist.ac.jp%2fpub%2fcygwin%2f/x86_64/release/gcc/libgcc1/libgcc1-5.4.0-1.tar.xz
2017/01/12 00:43:00 Downloaded C:\Users\cmadas\OneDrive\toku-download-for-work\stdenv_cygwin\tmp_cache/ftp%3a%2f%2fftp.jaist.ac.jp%2fpub%2fcygwin%2f/x86_64/release/gdbm/libgdbm4/libgdbm4-1.12-1.tar.xz
2017/01/12 00:43:00 Downloaded C:\Users\cmadas\OneDrive\toku-download-for-work\stdenv_cygwin\tmp_cache/ftp%3a%2f%2fftp.jaist.ac.jp%2fpub%2fcygwin%2f/x86_64/release/gmp/libgmp10/libgmp10-6.1.1-1.tar.xz
2017/01/12 00:43:01 Downloaded C:\Users\cmadas\OneDrive\toku-download-for-work\stdenv_cygwin\tmp_cache/ftp%3a%2f%2fftp.jaist.ac.jp%2fpub%2fcygwin%2f/x86_64/release/krb5/libgssapi_krb5_2/libgssapi_krb5_2-1.14.4-1.tar.xz
2017/01/12 00:43:01 Downloaded C:\Users\cmadas\OneDrive\toku-download-for-work\stdenv_cygwin\tmp_cache/ftp%3a%2f%2fftp.jaist.ac.jp%2fpub%2fcygwin%2f/x86_64/release/guile/libguile17/libguile17-1.8.8-1.tar.bz2
2017/01/12 00:43:01 Downloaded C:\Users\cmadas\OneDrive\toku-download-for-work\stdenv_cygwin\tmp_cache/ftp%3a%2f%2fftp.jaist.ac.jp%2fpub%2fcygwin%2f/x86_64/release/libiconv/libiconv-1.14-3.tar.xz
2017/01/12 00:43:01 Downloaded C:\Users\cmadas\OneDrive\toku-download-for-work\stdenv_cygwin\tmp_cache/ftp%3a%2f%2fftp.jaist.ac.jp%2fpub%2fcygwin%2f/x86_64/release/libiconv/libiconv2/libiconv2-1.14-3.tar.xz
2017/01/12 00:43:01 Downloaded C:\Users\cmadas\OneDrive\toku-download-for-work\stdenv_cygwin\tmp_cache/ftp%3a%2f%2fftp.jaist.ac.jp%2fpub%2fcygwin%2f/x86_64/release/libidn/libidn11/libidn11-1.29-1.tar.xz
2017/01/12 00:43:02 Downloaded C:\Users\cmadas\OneDrive\toku-download-for-work\stdenv_cygwin\tmp_cache/ftp%3a%2f%2fftp.jaist.ac.jp%2fpub%2fcygwin%2f/x86_64/release/libidn2/libidn2_0/libidn2_0-0.11-1.tar.xz
2017/01/12 00:43:02 Downloaded C:\Users\cmadas\OneDrive\toku-download-for-work\stdenv_cygwin\tmp_cache/ftp%3a%2f%2fftp.jaist.ac.jp%2fpub%2fcygwin%2f/x86_64/release/gettext/libintl-devel/libintl-devel-0.19.8.1-2.tar.xz
2017/01/12 00:43:02 Downloaded C:\Users\cmadas\OneDrive\toku-download-for-work\stdenv_cygwin\tmp_cache/ftp%3a%2f%2fftp.jaist.ac.jp%2fpub%2fcygwin%2f/x86_64/release/gettext/libintl8/libintl8-0.19.8.1-2.tar.xz
2017/01/12 00:43:02 Downloaded C:\Users\cmadas\OneDrive\toku-download-for-work\stdenv_cygwin\tmp_cache/ftp%3a%2f%2fftp.jaist.ac.jp%2fpub%2fcygwin%2f/x86_64/release/krb5/libk5crypto3/libk5crypto3-1.14.4-1.tar.xz
2017/01/12 00:43:02 Downloaded C:\Users\cmadas\OneDrive\toku-download-for-work\stdenv_cygwin\tmp_cache/ftp%3a%2f%2fftp.jaist.ac.jp%2fpub%2fcygwin%2f/x86_64/release/krb5/libkrb5_3/libkrb5_3-1.14.4-1.tar.xz
2017/01/12 00:43:03 Downloaded C:\Users\cmadas\OneDrive\toku-download-for-work\stdenv_cygwin\tmp_cache/ftp%3a%2f%2fftp.jaist.ac.jp%2fpub%2fcygwin%2f/x86_64/release/krb5/libkrb5support0/libkrb5support0-1.14.4-1.tar.xz
2017/01/12 00:43:03 Downloaded C:\Users\cmadas\OneDrive\toku-download-for-work\stdenv_cygwin\tmp_cache/ftp%3a%2f%2fftp.jaist.ac.jp%2fpub%2fcygwin%2f/x86_64/release/libtool/libltdl7/libltdl7-2.4.6-4.tar.xz
2017/01/12 00:43:03 Downloaded C:\Users\cmadas\OneDrive\toku-download-for-work\stdenv_cygwin\tmp_cache/ftp%3a%2f%2fftp.jaist.ac.jp%2fpub%2fcygwin%2f/x86_64/release/xz/liblzma5/liblzma5-5.2.2-1.tar.xz
2017/01/12 00:43:03 Downloaded C:\Users\cmadas\OneDrive\toku-download-for-work\stdenv_cygwin\tmp_cache/ftp%3a%2f%2fftp.jaist.ac.jp%2fpub%2fcygwin%2f/x86_64/release/libmetalink/libmetalink3/libmetalink3-0.1.2-1.tar.bz2
2017/01/12 00:43:04 Downloaded C:\Users\cmadas\OneDrive\toku-download-for-work\stdenv_cygwin\tmp_cache/ftp%3a%2f%2fftp.jaist.ac.jp%2fpub%2fcygwin%2f/x86_64/release/mpfr/libmpfr4/libmpfr4-3.1.5-1.tar.xz
2017/01/12 00:43:04 Downloaded C:\Users\cmadas\OneDrive\toku-download-for-work\stdenv_cygwin\tmp_cache/ftp%3a%2f%2fftp.jaist.ac.jp%2fpub%2fcygwin%2f/x86_64/release/ncurses/libncursesw10/libncursesw10-6.0-8.20160917.tar.xz
2017/01/12 00:43:04 Downloaded C:\Users\cmadas\OneDrive\toku-download-for-work\stdenv_cygwin\tmp_cache/ftp%3a%2f%2fftp.jaist.ac.jp%2fpub%2fcygwin%2f/x86_64/release/nghttp2/libnghttp2_14/libnghttp2_14-1.14.0-1.tar.xz
2017/01/12 00:43:04 Downloaded C:\Users\cmadas\OneDrive\toku-download-for-work\stdenv_cygwin\tmp_cache/ftp%3a%2f%2fftp.jaist.ac.jp%2fpub%2fcygwin%2f/x86_64/release/openldap/libopenldap2_4_2/libopenldap2_4_2-2.4.42-1.tar.xz
2017/01/12 00:43:05 Downloaded C:\Users\cmadas\OneDrive\toku-download-for-work\stdenv_cygwin\tmp_cache/ftp%3a%2f%2fftp.jaist.ac.jp%2fpub%2fcygwin%2f/x86_64/release/openssl/libopenssl100/libopenssl100-1.0.2j-1.tar.xz
2017/01/12 00:43:05 Downloaded C:\Users\cmadas\OneDrive\toku-download-for-work\stdenv_cygwin\tmp_cache/ftp%3a%2f%2fftp.jaist.ac.jp%2fpub%2fcygwin%2f/x86_64/release/p11-kit/libp11-kit0/libp11-kit0-0.22.1-1.tar.xz
2017/01/12 00:43:05 Downloaded C:\Users\cmadas\OneDrive\toku-download-for-work\stdenv_cygwin\tmp_cache/ftp%3a%2f%2fftp.jaist.ac.jp%2fpub%2fcygwin%2f/x86_64/release/pcre/libpcre1/libpcre1-8.39-1.tar.xz
2017/01/12 00:43:05 Downloaded C:\Users\cmadas\OneDrive\toku-download-for-work\stdenv_cygwin\tmp_cache/ftp%3a%2f%2fftp.jaist.ac.jp%2fpub%2fcygwin%2f/x86_64/release/libpipeline/libpipeline1/libpipeline1-1.4.0-1.tar.xz
2017/01/12 00:43:05 Downloaded C:\Users\cmadas\OneDrive\toku-download-for-work\stdenv_cygwin\tmp_cache/ftp%3a%2f%2fftp.jaist.ac.jp%2fpub%2fcygwin%2f/x86_64/release/popt/libpopt-common/libpopt-common-1.16-2.tar.xz
2017/01/12 00:43:06 Downloaded C:\Users\cmadas\OneDrive\toku-download-for-work\stdenv_cygwin\tmp_cache/ftp%3a%2f%2fftp.jaist.ac.jp%2fpub%2fcygwin%2f/x86_64/release/popt/libpopt0/libpopt0-1.16-2.tar.xz
2017/01/12 00:43:06 Downloaded C:\Users\cmadas\OneDrive\toku-download-for-work\stdenv_cygwin\tmp_cache/ftp%3a%2f%2fftp.jaist.ac.jp%2fpub%2fcygwin%2f/x86_64/release/libpsl/libpsl5/libpsl5-0.14.0-2.tar.xz
2017/01/12 00:43:06 Downloaded C:\Users\cmadas\OneDrive\toku-download-for-work\stdenv_cygwin\tmp_cache/ftp%3a%2f%2fftp.jaist.ac.jp%2fpub%2fcygwin%2f/x86_64/release/readline/libreadline7/libreadline7-7.0.1-1.tar.xz
2017/01/12 00:43:06 Downloaded C:\Users\cmadas\OneDrive\toku-download-for-work\stdenv_cygwin\tmp_cache/ftp%3a%2f%2fftp.jaist.ac.jp%2fpub%2fcygwin%2f/x86_64/release/cyrus-sasl/libsasl2_3/libsasl2_3-2.1.26-9.tar.xz
2017/01/12 00:43:06 Downloaded C:\Users\cmadas\OneDrive\toku-download-for-work\stdenv_cygwin\tmp_cache/ftp%3a%2f%2fftp.jaist.ac.jp%2fpub%2fcygwin%2f/x86_64/release/libsigsegv/libsigsegv2/libsigsegv2-2.10-2.tar.xz
2017/01/12 00:43:06 Downloaded C:\Users\cmadas\OneDrive\toku-download-for-work\stdenv_cygwin\tmp_cache/ftp%3a%2f%2fftp.jaist.ac.jp%2fpub%2fcygwin%2f/x86_64/release/util-linux/libsmartcols1/libsmartcols1-2.25.2-2.tar.xz
2017/01/12 00:43:07 Downloaded C:\Users\cmadas\OneDrive\toku-download-for-work\stdenv_cygwin\tmp_cache/ftp%3a%2f%2fftp.jaist.ac.jp%2fpub%2fcygwin%2f/x86_64/release/sqlite3/libsqlite3_0/libsqlite3_0-3.15.2-1.tar.xz
2017/01/12 00:43:07 Downloaded C:\Users\cmadas\OneDrive\toku-download-for-work\stdenv_cygwin\tmp_cache/ftp%3a%2f%2fftp.jaist.ac.jp%2fpub%2fcygwin%2f/x86_64/release/libssh2/libssh2_1/libssh2_1-1.7.0-1.tar.xz
2017/01/12 00:43:07 Downloaded C:\Users\cmadas\OneDrive\toku-download-for-work\stdenv_cygwin\tmp_cache/ftp%3a%2f%2fftp.jaist.ac.jp%2fpub%2fcygwin%2f/x86_64/release/gcc/libssp0/libssp0-5.4.0-1.tar.xz
2017/01/12 00:43:07 Downloaded C:\Users\cmadas\OneDrive\toku-download-for-work\stdenv_cygwin\tmp_cache/ftp%3a%2f%2fftp.jaist.ac.jp%2fpub%2fcygwin%2f/x86_64/release/gcc/libstdc++6/libstdc++6-5.4.0-1.tar.xz
2017/01/12 00:43:07 Downloaded C:\Users\cmadas\OneDrive\toku-download-for-work\stdenv_cygwin\tmp_cache/ftp%3a%2f%2fftp.jaist.ac.jp%2fpub%2fcygwin%2f/x86_64/release/libtasn1/libtasn1_6/libtasn1_6-4.9-1.tar.xz
2017/01/12 00:43:08 Downloaded C:\Users\cmadas\OneDrive\toku-download-for-work\stdenv_cygwin\tmp_cache/ftp%3a%2f%2fftp.jaist.ac.jp%2fpub%2fcygwin%2f/x86_64/release/libunistring/libunistring2/libunistring2-0.9.6-1.tar.xz
2017/01/12 00:43:08 Downloaded C:\Users\cmadas\OneDrive\toku-download-for-work\stdenv_cygwin\tmp_cache/ftp%3a%2f%2fftp.jaist.ac.jp%2fpub%2fcygwin%2f/x86_64/release/util-linux/libuuid-devel/libuuid-devel-2.25.2-2.tar.xz
2017/01/12 00:43:08 Downloaded C:\Users\cmadas\OneDrive\toku-download-for-work\stdenv_cygwin\tmp_cache/ftp%3a%2f%2fftp.jaist.ac.jp%2fpub%2fcygwin%2f/x86_64/release/util-linux/libuuid1/libuuid1-2.25.2-2.tar.xz
2017/01/12 00:43:08 Downloaded C:\Users\cmadas\OneDrive\toku-download-for-work\stdenv_cygwin\tmp_cache/ftp%3a%2f%2fftp.jaist.ac.jp%2fpub%2fcygwin%2f/x86_64/release/login/login-1.11-1.tar.xz
2017/01/12 00:43:08 Downloaded C:\Users\cmadas\OneDrive\toku-download-for-work\stdenv_cygwin\tmp_cache/ftp%3a%2f%2fftp.jaist.ac.jp%2fpub%2fcygwin%2f/x86_64/release/make/make-4.2.1-1.tar.xz
2017/01/12 00:43:09 Downloaded C:\Users\cmadas\OneDrive\toku-download-for-work\stdenv_cygwin\tmp_cache/ftp%3a%2f%2fftp.jaist.ac.jp%2fpub%2fcygwin%2f/x86_64/release/man-db/man-db-2.7.5-2.tar.xz
2017/01/12 00:43:09 Downloaded C:\Users\cmadas\OneDrive\toku-download-for-work\stdenv_cygwin\tmp_cache/ftp%3a%2f%2fftp.jaist.ac.jp%2fpub%2fcygwin%2f/x86_64/release/mintty/mintty-2.7.3-0.tar.xz
2017/01/12 00:43:09 Downloaded C:\Users\cmadas\OneDrive\toku-download-for-work\stdenv_cygwin\tmp_cache/ftp%3a%2f%2fftp.jaist.ac.jp%2fpub%2fcygwin%2f/x86_64/release/ncurses/ncurses-6.0-8.20160917.tar.xz
2017/01/12 00:43:09 Downloaded C:\Users\cmadas\OneDrive\toku-download-for-work\stdenv_cygwin\tmp_cache/ftp%3a%2f%2fftp.jaist.ac.jp%2fpub%2fcygwin%2f/x86_64/release/openssl/openssl-1.0.2j-1.tar.xz
2017/01/12 00:43:09 Downloaded C:\Users\cmadas\OneDrive\toku-download-for-work\stdenv_cygwin\tmp_cache/ftp%3a%2f%2fftp.jaist.ac.jp%2fpub%2fcygwin%2f/x86_64/release/p11-kit/p11-kit-0.22.1-1.tar.xz
2017/01/12 00:43:10 Downloaded C:\Users\cmadas\OneDrive\toku-download-for-work\stdenv_cygwin\tmp_cache/ftp%3a%2f%2fftp.jaist.ac.jp%2fpub%2fcygwin%2f/x86_64/release/p11-kit/p11-kit-trust/p11-kit-trust-0.22.1-1.tar.xz
2017/01/12 00:43:11 Downloaded C:\Users\cmadas\OneDrive\toku-download-for-work\stdenv_cygwin\tmp_cache/ftp%3a%2f%2fftp.jaist.ac.jp%2fpub%2fcygwin%2f/x86_64/release/python3/python3-3.4.5-1.tar.xz
2017/01/12 00:43:11 Downloaded C:\Users\cmadas\OneDrive\toku-download-for-work\stdenv_cygwin\tmp_cache/ftp%3a%2f%2fftp.jaist.ac.jp%2fpub%2fcygwin%2f/x86_64/release/rebase/rebase-4.4.2-1.tar.xz
2017/01/12 00:43:11 Downloaded C:\Users\cmadas\OneDrive\toku-download-for-work\stdenv_cygwin\tmp_cache/ftp%3a%2f%2fftp.jaist.ac.jp%2fpub%2fcygwin%2f/x86_64/release/run/run-1.3.4-2.tar.xz
2017/01/12 00:43:11 Downloaded C:\Users\cmadas\OneDrive\toku-download-for-work\stdenv_cygwin\tmp_cache/ftp%3a%2f%2fftp.jaist.ac.jp%2fpub%2fcygwin%2f/x86_64/release/sed/sed-4.2.2-3.tar.bz2
2017/01/12 00:43:11 Downloaded C:\Users\cmadas\OneDrive\toku-download-for-work\stdenv_cygwin\tmp_cache/ftp%3a%2f%2fftp.jaist.ac.jp%2fpub%2fcygwin%2f/x86_64/release/tar/tar-1.29-1.tar.xz
2017/01/12 00:43:12 Downloaded C:\Users\cmadas\OneDrive\toku-download-for-work\stdenv_cygwin\tmp_cache/ftp%3a%2f%2fftp.jaist.ac.jp%2fpub%2fcygwin%2f/x86_64/release/ncurses/terminfo/terminfo-6.0-8.20160917.tar.xz
2017/01/12 00:43:12 Downloaded C:\Users\cmadas\OneDrive\toku-download-for-work\stdenv_cygwin\tmp_cache/ftp%3a%2f%2fftp.jaist.ac.jp%2fpub%2fcygwin%2f/x86_64/release/tzcode/tzcode-2016j-1.tar.xz
2017/01/12 00:43:12 Downloaded C:\Users\cmadas\OneDrive\toku-download-for-work\stdenv_cygwin\tmp_cache/ftp%3a%2f%2fftp.jaist.ac.jp%2fpub%2fcygwin%2f/noarch/release/tzdata/tzdata-2016j-1.tar.xz
2017/01/12 00:43:12 Downloaded C:\Users\cmadas\OneDrive\toku-download-for-work\stdenv_cygwin\tmp_cache/ftp%3a%2f%2fftp.jaist.ac.jp%2fpub%2fcygwin%2f/x86_64/release/util-linux/util-linux-2.25.2-2.tar.xz
2017/01/12 00:43:12 Downloaded C:\Users\cmadas\OneDrive\toku-download-for-work\stdenv_cygwin\tmp_cache/ftp%3a%2f%2fftp.jaist.ac.jp%2fpub%2fcygwin%2f/x86_64/release/vim/vim-minimal/vim-minimal-8.0.0094-1.tar.xz
2017/01/12 00:43:13 Downloaded C:\Users\cmadas\OneDrive\toku-download-for-work\stdenv_cygwin\tmp_cache/ftp%3a%2f%2fftp.jaist.ac.jp%2fpub%2fcygwin%2f/x86_64/release/which/which-2.20-2.tar.bz2
2017/01/12 00:43:13 Downloaded C:\Users\cmadas\OneDrive\toku-download-for-work\stdenv_cygwin\tmp_cache/ftp%3a%2f%2fftp.jaist.ac.jp%2fpub%2fcygwin%2f/x86_64/release/xz/xz-5.2.2-1.tar.xz
2017/01/12 00:43:13 Downloaded C:\Users\cmadas\OneDrive\toku-download-for-work\stdenv_cygwin\tmp_cache/ftp%3a%2f%2fftp.jaist.ac.jp%2fpub%2fcygwin%2f/x86_64/release/zlib/zlib0/zlib0-1.2.8-3.tar.xz
2017/01/12 00:43:18 Extracting from file://C:\Users\cmadas\OneDrive\toku-download-for-work\stdenv_cygwin\tmp_cache/ftp%3a%2f%2fftp.jaist.ac.jp%2fpub%2fcygwin%2f/noarch/release/_autorebase/_autorebase-001004-1.tar.xz
2017/01/12 00:43:18 Extracting from file://C:\Users\cmadas\OneDrive\toku-download-for-work\stdenv_cygwin\tmp_cache/ftp%3a%2f%2fftp.jaist.ac.jp%2fpub%2fcygwin%2f/x86_64/release/alternatives/alternatives-1.3.30c-10.tar.bz2
2017/01/12 00:43:19 Extracting from file://C:\Users\cmadas\OneDrive\toku-download-for-work\stdenv_cygwin\tmp_cache/ftp%3a%2f%2fftp.jaist.ac.jp%2fpub%2fcygwin%2f/noarch/release/base-cygwin/base-cygwin-3.8-1.tar.xz
2017/01/12 00:43:19 Extracting from file://C:\Users\cmadas\OneDrive\toku-download-for-work\stdenv_cygwin\tmp_cache/ftp%3a%2f%2fftp.jaist.ac.jp%2fpub%2fcygwin%2f/noarch/release/base-files/base-files-4.2-4.tar.xz
2017/01/12 00:43:19 Extracting from file://C:\Users\cmadas\OneDrive\toku-download-for-work\stdenv_cygwin\tmp_cache/ftp%3a%2f%2fftp.jaist.ac.jp%2fpub%2fcygwin%2f/x86_64/release/bash/bash-4.4.5-1.tar.xz
2017/01/12 00:43:20 Extracting from file://C:\Users\cmadas\OneDrive\toku-download-for-work\stdenv_cygwin\tmp_cache/ftp%3a%2f%2fftp.jaist.ac.jp%2fpub%2fcygwin%2f/x86_64/release/binutils/binutils-2.25-4.tar.xz
2017/01/12 00:43:22 Extracting from file://C:\Users\cmadas\OneDrive\toku-download-for-work\stdenv_cygwin\tmp_cache/ftp%3a%2f%2fftp.jaist.ac.jp%2fpub%2fcygwin%2f/x86_64/release/bzip2/bzip2-1.0.6-2.tar.bz2
2017/01/12 00:43:22 Extracting from file://C:\Users\cmadas\OneDrive\toku-download-for-work\stdenv_cygwin\tmp_cache/ftp%3a%2f%2fftp.jaist.ac.jp%2fpub%2fcygwin%2f/noarch/release/ca-certificates/ca-certificates-2.10-1.tar.xz
2017/01/12 00:43:22 Extracting from file://C:\Users\cmadas\OneDrive\toku-download-for-work\stdenv_cygwin\tmp_cache/ftp%3a%2f%2fftp.jaist.ac.jp%2fpub%2fcygwin%2f/x86_64/release/coreutils/coreutils-8.26-1.tar.xz
2017/01/12 00:43:24 Extracting from file://C:\Users\cmadas\OneDrive\toku-download-for-work\stdenv_cygwin\tmp_cache/ftp%3a%2f%2fftp.jaist.ac.jp%2fpub%2fcygwin%2f/x86_64/release/curl/curl-7.52.1-1.tar.xz
2017/01/12 00:43:24 Extracting from file://C:\Users\cmadas\OneDrive\toku-download-for-work\stdenv_cygwin\tmp_cache/ftp%3a%2f%2fftp.jaist.ac.jp%2fpub%2fcygwin%2f/x86_64/release/cygutils/cygutils-1.4.15-2.tar.xz
2017/01/12 00:43:24 Extracting from file://C:\Users\cmadas\OneDrive\toku-download-for-work\stdenv_cygwin\tmp_cache/ftp%3a%2f%2fftp.jaist.ac.jp%2fpub%2fcygwin%2f/x86_64/release/cygwin/cygwin-2.6.1-1.tar.xz
2017/01/12 00:43:25 Extracting from file://C:\Users\cmadas\OneDrive\toku-download-for-work\stdenv_cygwin\tmp_cache/ftp%3a%2f%2fftp.jaist.ac.jp%2fpub%2fcygwin%2f/x86_64/release/cygwin/cygwin-devel/cygwin-devel-2.6.1-1.tar.xz
2017/01/12 00:43:26 Extracting from file://C:\Users\cmadas\OneDrive\toku-download-for-work\stdenv_cygwin\tmp_cache/ftp%3a%2f%2fftp.jaist.ac.jp%2fpub%2fcygwin%2f/x86_64/release/dash/dash-0.5.8-3.tar.xz
2017/01/12 00:43:26 Extracting from file://C:\Users\cmadas\OneDrive\toku-download-for-work\stdenv_cygwin\tmp_cache/ftp%3a%2f%2fftp.jaist.ac.jp%2fpub%2fcygwin%2f/x86_64/release/diffutils/diffutils-3.5-2.tar.xz
2017/01/12 00:43:26 Extracting from file://C:\Users\cmadas\OneDrive\toku-download-for-work\stdenv_cygwin\tmp_cache/ftp%3a%2f%2fftp.jaist.ac.jp%2fpub%2fcygwin%2f/x86_64/release/editrights/editrights-1.03-1.tar.xz
2017/01/12 00:43:26 Extracting from file://C:\Users\cmadas\OneDrive\toku-download-for-work\stdenv_cygwin\tmp_cache/ftp%3a%2f%2fftp.jaist.ac.jp%2fpub%2fcygwin%2f/x86_64/release/file/file-5.25-1.tar.xz
2017/01/12 00:43:26 Extracting from file://C:\Users\cmadas\OneDrive\toku-download-for-work\stdenv_cygwin\tmp_cache/ftp%3a%2f%2fftp.jaist.ac.jp%2fpub%2fcygwin%2f/x86_64/release/findutils/findutils-4.6.0-1.tar.xz
2017/01/12 00:43:27 Extracting from file://C:\Users\cmadas\OneDrive\toku-download-for-work\stdenv_cygwin\tmp_cache/ftp%3a%2f%2fftp.jaist.ac.jp%2fpub%2fcygwin%2f/x86_64/release/gawk/gawk-4.1.4-1.tar.xz
2017/01/12 00:43:27 Extracting from file://C:\Users\cmadas\OneDrive\toku-download-for-work\stdenv_cygwin\tmp_cache/ftp%3a%2f%2fftp.jaist.ac.jp%2fpub%2fcygwin%2f/x86_64/release/getent/getent-2.18.90-4.tar.xz
2017/01/12 00:43:27 Extracting from file://C:\Users\cmadas\OneDrive\toku-download-for-work\stdenv_cygwin\tmp_cache/ftp%3a%2f%2fftp.jaist.ac.jp%2fpub%2fcygwin%2f/x86_64/release/grep/grep-2.27-1.tar.xz
2017/01/12 00:43:28 Extracting from file://C:\Users\cmadas\OneDrive\toku-download-for-work\stdenv_cygwin\tmp_cache/ftp%3a%2f%2fftp.jaist.ac.jp%2fpub%2fcygwin%2f/x86_64/release/groff/groff-1.22.3-1.tar.xz
2017/01/12 00:43:30 Extracting from file://C:\Users\cmadas\OneDrive\toku-download-for-work\stdenv_cygwin\tmp_cache/ftp%3a%2f%2fftp.jaist.ac.jp%2fpub%2fcygwin%2f/x86_64/release/gzip/gzip-1.8-1.tar.xz
2017/01/12 00:43:31 Extracting from file://C:\Users\cmadas\OneDrive\toku-download-for-work\stdenv_cygwin\tmp_cache/ftp%3a%2f%2fftp.jaist.ac.jp%2fpub%2fcygwin%2f/x86_64/release/hostname/hostname-3.13-1.tar.bz2
2017/01/12 00:43:31 Extracting from file://C:\Users\cmadas\OneDrive\toku-download-for-work\stdenv_cygwin\tmp_cache/ftp%3a%2f%2fftp.jaist.ac.jp%2fpub%2fcygwin%2f/x86_64/release/texinfo/info/info-6.3-1.tar.xz
2017/01/12 00:43:31 Extracting from file://C:\Users\cmadas\OneDrive\toku-download-for-work\stdenv_cygwin\tmp_cache/ftp%3a%2f%2fftp.jaist.ac.jp%2fpub%2fcygwin%2f/x86_64/release/ipc-utils/ipc-utils-1.0-2.tar.bz2
2017/01/12 00:43:31 Extracting from file://C:\Users\cmadas\OneDrive\toku-download-for-work\stdenv_cygwin\tmp_cache/ftp%3a%2f%2fftp.jaist.ac.jp%2fpub%2fcygwin%2f/x86_64/release/less/less-481-1.tar.xz
2017/01/12 00:43:31 Extracting from file://C:\Users\cmadas\OneDrive\toku-download-for-work\stdenv_cygwin\tmp_cache/ftp%3a%2f%2fftp.jaist.ac.jp%2fpub%2fcygwin%2f/x86_64/release/libargp/libargp-20110921-3.tar.xz
2017/01/12 00:43:31 Extracting from file://C:\Users\cmadas\OneDrive\toku-download-for-work\stdenv_cygwin\tmp_cache/ftp%3a%2f%2fftp.jaist.ac.jp%2fpub%2fcygwin%2f/x86_64/release/attr/libattr1/libattr1-2.4.46-1.tar.bz2
2017/01/12 00:43:31 Extracting from file://C:\Users\cmadas\OneDrive\toku-download-for-work\stdenv_cygwin\tmp_cache/ftp%3a%2f%2fftp.jaist.ac.jp%2fpub%2fcygwin%2f/x86_64/release/util-linux/libblkid1/libblkid1-2.25.2-2.tar.xz
2017/01/12 00:43:31 Extracting from file://C:\Users\cmadas\OneDrive\toku-download-for-work\stdenv_cygwin\tmp_cache/ftp%3a%2f%2fftp.jaist.ac.jp%2fpub%2fcygwin%2f/x86_64/release/bzip2/libbz2_1/libbz2_1-1.0.6-2.tar.bz2
2017/01/12 00:43:31 Extracting from file://C:\Users\cmadas\OneDrive\toku-download-for-work\stdenv_cygwin\tmp_cache/ftp%3a%2f%2fftp.jaist.ac.jp%2fpub%2fcygwin%2f/x86_64/release/e2fsprogs/libcom_err2/libcom_err2-1.42.12-2.tar.xz
2017/01/12 00:43:31 Extracting from file://C:\Users\cmadas\OneDrive\toku-download-for-work\stdenv_cygwin\tmp_cache/ftp%3a%2f%2fftp.jaist.ac.jp%2fpub%2fcygwin%2f/x86_64/release/crypt/libcrypt0/libcrypt0-1.4-1.tar.xz
2017/01/12 00:43:31 Extracting from file://C:\Users\cmadas\OneDrive\toku-download-for-work\stdenv_cygwin\tmp_cache/ftp%3a%2f%2fftp.jaist.ac.jp%2fpub%2fcygwin%2f/x86_64/release/curl/libcurl4/libcurl4-7.52.1-1.tar.xz
2017/01/12 00:43:31 Extracting from file://C:\Users\cmadas\OneDrive\toku-download-for-work\stdenv_cygwin\tmp_cache/ftp%3a%2f%2fftp.jaist.ac.jp%2fpub%2fcygwin%2f/x86_64/release/db/libdb5.3/libdb5.3-5.3.28-1.tar.xz
2017/01/12 00:43:31 Extracting from file://C:\Users\cmadas\OneDrive\toku-download-for-work\stdenv_cygwin\tmp_cache/ftp%3a%2f%2fftp.jaist.ac.jp%2fpub%2fcygwin%2f/x86_64/release/expat/libexpat1/libexpat1-2.2.0-0.tar.xz
2017/01/12 00:43:31 Extracting from file://C:\Users\cmadas\OneDrive\toku-download-for-work\stdenv_cygwin\tmp_cache/ftp%3a%2f%2fftp.jaist.ac.jp%2fpub%2fcygwin%2f/x86_64/release/libffi/libffi6/libffi6-3.2.1-2.tar.xz
2017/01/12 00:43:31 Extracting from file://C:\Users\cmadas\OneDrive\toku-download-for-work\stdenv_cygwin\tmp_cache/ftp%3a%2f%2fftp.jaist.ac.jp%2fpub%2fcygwin%2f/x86_64/release/gcc/libgcc1/libgcc1-5.4.0-1.tar.xz
2017/01/12 00:43:31 Extracting from file://C:\Users\cmadas\OneDrive\toku-download-for-work\stdenv_cygwin\tmp_cache/ftp%3a%2f%2fftp.jaist.ac.jp%2fpub%2fcygwin%2f/x86_64/release/gdbm/libgdbm4/libgdbm4-1.12-1.tar.xz
2017/01/12 00:43:31 Extracting from file://C:\Users\cmadas\OneDrive\toku-download-for-work\stdenv_cygwin\tmp_cache/ftp%3a%2f%2fftp.jaist.ac.jp%2fpub%2fcygwin%2f/x86_64/release/gmp/libgmp10/libgmp10-6.1.1-1.tar.xz
2017/01/12 00:43:31 Extracting from file://C:\Users\cmadas\OneDrive\toku-download-for-work\stdenv_cygwin\tmp_cache/ftp%3a%2f%2fftp.jaist.ac.jp%2fpub%2fcygwin%2f/x86_64/release/krb5/libgssapi_krb5_2/libgssapi_krb5_2-1.14.4-1.tar.xz
2017/01/12 00:43:32 Extracting from file://C:\Users\cmadas\OneDrive\toku-download-for-work\stdenv_cygwin\tmp_cache/ftp%3a%2f%2fftp.jaist.ac.jp%2fpub%2fcygwin%2f/x86_64/release/guile/libguile17/libguile17-1.8.8-1.tar.bz2
2017/01/12 00:43:32 Extracting from file://C:\Users\cmadas\OneDrive\toku-download-for-work\stdenv_cygwin\tmp_cache/ftp%3a%2f%2fftp.jaist.ac.jp%2fpub%2fcygwin%2f/x86_64/release/libiconv/libiconv-1.14-3.tar.xz
2017/01/12 00:43:33 Extracting from file://C:\Users\cmadas\OneDrive\toku-download-for-work\stdenv_cygwin\tmp_cache/ftp%3a%2f%2fftp.jaist.ac.jp%2fpub%2fcygwin%2f/x86_64/release/libiconv/libiconv2/libiconv2-1.14-3.tar.xz
2017/01/12 00:43:33 Extracting from file://C:\Users\cmadas\OneDrive\toku-download-for-work\stdenv_cygwin\tmp_cache/ftp%3a%2f%2fftp.jaist.ac.jp%2fpub%2fcygwin%2f/x86_64/release/libidn/libidn11/libidn11-1.29-1.tar.xz
2017/01/12 00:43:33 Extracting from file://C:\Users\cmadas\OneDrive\toku-download-for-work\stdenv_cygwin\tmp_cache/ftp%3a%2f%2fftp.jaist.ac.jp%2fpub%2fcygwin%2f/x86_64/release/libidn2/libidn2_0/libidn2_0-0.11-1.tar.xz
2017/01/12 00:43:33 Extracting from file://C:\Users\cmadas\OneDrive\toku-download-for-work\stdenv_cygwin\tmp_cache/ftp%3a%2f%2fftp.jaist.ac.jp%2fpub%2fcygwin%2f/x86_64/release/gettext/libintl-devel/libintl-devel-0.19.8.1-2.tar.xz
2017/01/12 00:43:33 Extracting from file://C:\Users\cmadas\OneDrive\toku-download-for-work\stdenv_cygwin\tmp_cache/ftp%3a%2f%2fftp.jaist.ac.jp%2fpub%2fcygwin%2f/x86_64/release/gettext/libintl8/libintl8-0.19.8.1-2.tar.xz
2017/01/12 00:43:33 Extracting from file://C:\Users\cmadas\OneDrive\toku-download-for-work\stdenv_cygwin\tmp_cache/ftp%3a%2f%2fftp.jaist.ac.jp%2fpub%2fcygwin%2f/x86_64/release/krb5/libk5crypto3/libk5crypto3-1.14.4-1.tar.xz
2017/01/12 00:43:33 Extracting from file://C:\Users\cmadas\OneDrive\toku-download-for-work\stdenv_cygwin\tmp_cache/ftp%3a%2f%2fftp.jaist.ac.jp%2fpub%2fcygwin%2f/x86_64/release/krb5/libkrb5_3/libkrb5_3-1.14.4-1.tar.xz
2017/01/12 00:43:33 Extracting from file://C:\Users\cmadas\OneDrive\toku-download-for-work\stdenv_cygwin\tmp_cache/ftp%3a%2f%2fftp.jaist.ac.jp%2fpub%2fcygwin%2f/x86_64/release/krb5/libkrb5support0/libkrb5support0-1.14.4-1.tar.xz
2017/01/12 00:43:33 Extracting from file://C:\Users\cmadas\OneDrive\toku-download-for-work\stdenv_cygwin\tmp_cache/ftp%3a%2f%2fftp.jaist.ac.jp%2fpub%2fcygwin%2f/x86_64/release/libtool/libltdl7/libltdl7-2.4.6-4.tar.xz
2017/01/12 00:43:33 Extracting from file://C:\Users\cmadas\OneDrive\toku-download-for-work\stdenv_cygwin\tmp_cache/ftp%3a%2f%2fftp.jaist.ac.jp%2fpub%2fcygwin%2f/x86_64/release/xz/liblzma5/liblzma5-5.2.2-1.tar.xz
2017/01/12 00:43:33 Extracting from file://C:\Users\cmadas\OneDrive\toku-download-for-work\stdenv_cygwin\tmp_cache/ftp%3a%2f%2fftp.jaist.ac.jp%2fpub%2fcygwin%2f/x86_64/release/libmetalink/libmetalink3/libmetalink3-0.1.2-1.tar.bz2
2017/01/12 00:43:33 Extracting from file://C:\Users\cmadas\OneDrive\toku-download-for-work\stdenv_cygwin\tmp_cache/ftp%3a%2f%2fftp.jaist.ac.jp%2fpub%2fcygwin%2f/x86_64/release/mpfr/libmpfr4/libmpfr4-3.1.5-1.tar.xz
2017/01/12 00:43:33 Extracting from file://C:\Users\cmadas\OneDrive\toku-download-for-work\stdenv_cygwin\tmp_cache/ftp%3a%2f%2fftp.jaist.ac.jp%2fpub%2fcygwin%2f/x86_64/release/ncurses/libncursesw10/libncursesw10-6.0-8.20160917.tar.xz
2017/01/12 00:43:33 Extracting from file://C:\Users\cmadas\OneDrive\toku-download-for-work\stdenv_cygwin\tmp_cache/ftp%3a%2f%2fftp.jaist.ac.jp%2fpub%2fcygwin%2f/x86_64/release/nghttp2/libnghttp2_14/libnghttp2_14-1.14.0-1.tar.xz
2017/01/12 00:43:33 Extracting from file://C:\Users\cmadas\OneDrive\toku-download-for-work\stdenv_cygwin\tmp_cache/ftp%3a%2f%2fftp.jaist.ac.jp%2fpub%2fcygwin%2f/x86_64/release/openldap/libopenldap2_4_2/libopenldap2_4_2-2.4.42-1.tar.xz
2017/01/12 00:43:33 Extracting from file://C:\Users\cmadas\OneDrive\toku-download-for-work\stdenv_cygwin\tmp_cache/ftp%3a%2f%2fftp.jaist.ac.jp%2fpub%2fcygwin%2f/x86_64/release/openssl/libopenssl100/libopenssl100-1.0.2j-1.tar.xz
2017/01/12 00:43:33 Extracting from file://C:\Users\cmadas\OneDrive\toku-download-for-work\stdenv_cygwin\tmp_cache/ftp%3a%2f%2fftp.jaist.ac.jp%2fpub%2fcygwin%2f/x86_64/release/p11-kit/libp11-kit0/libp11-kit0-0.22.1-1.tar.xz
2017/01/12 00:43:33 Extracting from file://C:\Users\cmadas\OneDrive\toku-download-for-work\stdenv_cygwin\tmp_cache/ftp%3a%2f%2fftp.jaist.ac.jp%2fpub%2fcygwin%2f/x86_64/release/pcre/libpcre1/libpcre1-8.39-1.tar.xz
2017/01/12 00:43:34 Extracting from file://C:\Users\cmadas\OneDrive\toku-download-for-work\stdenv_cygwin\tmp_cache/ftp%3a%2f%2fftp.jaist.ac.jp%2fpub%2fcygwin%2f/x86_64/release/libpipeline/libpipeline1/libpipeline1-1.4.0-1.tar.xz
2017/01/12 00:43:34 Extracting from file://C:\Users\cmadas\OneDrive\toku-download-for-work\stdenv_cygwin\tmp_cache/ftp%3a%2f%2fftp.jaist.ac.jp%2fpub%2fcygwin%2f/x86_64/release/popt/libpopt-common/libpopt-common-1.16-2.tar.xz
2017/01/12 00:43:34 Extracting from file://C:\Users\cmadas\OneDrive\toku-download-for-work\stdenv_cygwin\tmp_cache/ftp%3a%2f%2fftp.jaist.ac.jp%2fpub%2fcygwin%2f/x86_64/release/popt/libpopt0/libpopt0-1.16-2.tar.xz
2017/01/12 00:43:34 Extracting from file://C:\Users\cmadas\OneDrive\toku-download-for-work\stdenv_cygwin\tmp_cache/ftp%3a%2f%2fftp.jaist.ac.jp%2fpub%2fcygwin%2f/x86_64/release/libpsl/libpsl5/libpsl5-0.14.0-2.tar.xz
2017/01/12 00:43:34 Extracting from file://C:\Users\cmadas\OneDrive\toku-download-for-work\stdenv_cygwin\tmp_cache/ftp%3a%2f%2fftp.jaist.ac.jp%2fpub%2fcygwin%2f/x86_64/release/readline/libreadline7/libreadline7-7.0.1-1.tar.xz
2017/01/12 00:43:34 Extracting from file://C:\Users\cmadas\OneDrive\toku-download-for-work\stdenv_cygwin\tmp_cache/ftp%3a%2f%2fftp.jaist.ac.jp%2fpub%2fcygwin%2f/x86_64/release/cyrus-sasl/libsasl2_3/libsasl2_3-2.1.26-9.tar.xz
2017/01/12 00:43:34 Extracting from file://C:\Users\cmadas\OneDrive\toku-download-for-work\stdenv_cygwin\tmp_cache/ftp%3a%2f%2fftp.jaist.ac.jp%2fpub%2fcygwin%2f/x86_64/release/libsigsegv/libsigsegv2/libsigsegv2-2.10-2.tar.xz
2017/01/12 00:43:34 Extracting from file://C:\Users\cmadas\OneDrive\toku-download-for-work\stdenv_cygwin\tmp_cache/ftp%3a%2f%2fftp.jaist.ac.jp%2fpub%2fcygwin%2f/x86_64/release/util-linux/libsmartcols1/libsmartcols1-2.25.2-2.tar.xz
2017/01/12 00:43:34 Extracting from file://C:\Users\cmadas\OneDrive\toku-download-for-work\stdenv_cygwin\tmp_cache/ftp%3a%2f%2fftp.jaist.ac.jp%2fpub%2fcygwin%2f/x86_64/release/sqlite3/libsqlite3_0/libsqlite3_0-3.15.2-1.tar.xz
2017/01/12 00:43:34 Extracting from file://C:\Users\cmadas\OneDrive\toku-download-for-work\stdenv_cygwin\tmp_cache/ftp%3a%2f%2fftp.jaist.ac.jp%2fpub%2fcygwin%2f/x86_64/release/libssh2/libssh2_1/libssh2_1-1.7.0-1.tar.xz
2017/01/12 00:43:34 Extracting from file://C:\Users\cmadas\OneDrive\toku-download-for-work\stdenv_cygwin\tmp_cache/ftp%3a%2f%2fftp.jaist.ac.jp%2fpub%2fcygwin%2f/x86_64/release/gcc/libssp0/libssp0-5.4.0-1.tar.xz
2017/01/12 00:43:34 Extracting from file://C:\Users\cmadas\OneDrive\toku-download-for-work\stdenv_cygwin\tmp_cache/ftp%3a%2f%2fftp.jaist.ac.jp%2fpub%2fcygwin%2f/x86_64/release/gcc/libstdc++6/libstdc++6-5.4.0-1.tar.xz
2017/01/12 00:43:34 Extracting from file://C:\Users\cmadas\OneDrive\toku-download-for-work\stdenv_cygwin\tmp_cache/ftp%3a%2f%2fftp.jaist.ac.jp%2fpub%2fcygwin%2f/x86_64/release/libtasn1/libtasn1_6/libtasn1_6-4.9-1.tar.xz
2017/01/12 00:43:34 Extracting from file://C:\Users\cmadas\OneDrive\toku-download-for-work\stdenv_cygwin\tmp_cache/ftp%3a%2f%2fftp.jaist.ac.jp%2fpub%2fcygwin%2f/x86_64/release/libunistring/libunistring2/libunistring2-0.9.6-1.tar.xz
2017/01/12 00:43:34 Extracting from file://C:\Users\cmadas\OneDrive\toku-download-for-work\stdenv_cygwin\tmp_cache/ftp%3a%2f%2fftp.jaist.ac.jp%2fpub%2fcygwin%2f/x86_64/release/util-linux/libuuid-devel/libuuid-devel-2.25.2-2.tar.xz
2017/01/12 00:43:34 Extracting from file://C:\Users\cmadas\OneDrive\toku-download-for-work\stdenv_cygwin\tmp_cache/ftp%3a%2f%2fftp.jaist.ac.jp%2fpub%2fcygwin%2f/x86_64/release/util-linux/libuuid1/libuuid1-2.25.2-2.tar.xz
2017/01/12 00:43:34 Extracting from file://C:\Users\cmadas\OneDrive\toku-download-for-work\stdenv_cygwin\tmp_cache/ftp%3a%2f%2fftp.jaist.ac.jp%2fpub%2fcygwin%2f/x86_64/release/login/login-1.11-1.tar.xz
2017/01/12 00:43:34 Extracting from file://C:\Users\cmadas\OneDrive\toku-download-for-work\stdenv_cygwin\tmp_cache/ftp%3a%2f%2fftp.jaist.ac.jp%2fpub%2fcygwin%2f/x86_64/release/make/make-4.2.1-1.tar.xz
2017/01/12 00:43:35 Extracting from file://C:\Users\cmadas\OneDrive\toku-download-for-work\stdenv_cygwin\tmp_cache/ftp%3a%2f%2fftp.jaist.ac.jp%2fpub%2fcygwin%2f/x86_64/release/man-db/man-db-2.7.5-2.tar.xz
2017/01/12 00:43:36 Extracting from file://C:\Users\cmadas\OneDrive\toku-download-for-work\stdenv_cygwin\tmp_cache/ftp%3a%2f%2fftp.jaist.ac.jp%2fpub%2fcygwin%2f/x86_64/release/mintty/mintty-2.7.3-0.tar.xz
2017/01/12 00:43:36 Extracting from file://C:\Users\cmadas\OneDrive\toku-download-for-work\stdenv_cygwin\tmp_cache/ftp%3a%2f%2fftp.jaist.ac.jp%2fpub%2fcygwin%2f/x86_64/release/ncurses/ncurses-6.0-8.20160917.tar.xz
2017/01/12 00:43:36 Extracting from file://C:\Users\cmadas\OneDrive\toku-download-for-work\stdenv_cygwin\tmp_cache/ftp%3a%2f%2fftp.jaist.ac.jp%2fpub%2fcygwin%2f/x86_64/release/openssl/openssl-1.0.2j-1.tar.xz
2017/01/12 00:43:36 Extracting from file://C:\Users\cmadas\OneDrive\toku-download-for-work\stdenv_cygwin\tmp_cache/ftp%3a%2f%2fftp.jaist.ac.jp%2fpub%2fcygwin%2f/x86_64/release/p11-kit/p11-kit-0.22.1-1.tar.xz
2017/01/12 00:43:37 Extracting from file://C:\Users\cmadas\OneDrive\toku-download-for-work\stdenv_cygwin\tmp_cache/ftp%3a%2f%2fftp.jaist.ac.jp%2fpub%2fcygwin%2f/x86_64/release/p11-kit/p11-kit-trust/p11-kit-trust-0.22.1-1.tar.xz
2017/01/12 00:43:37 Extracting from file://C:\Users\cmadas\OneDrive\toku-download-for-work\stdenv_cygwin\tmp_cache/ftp%3a%2f%2fftp.jaist.ac.jp%2fpub%2fcygwin%2f/x86_64/release/python3/python3-3.4.5-1.tar.xz
2017/01/12 00:43:45 Extracting from file://C:\Users\cmadas\OneDrive\toku-download-for-work\stdenv_cygwin\tmp_cache/ftp%3a%2f%2fftp.jaist.ac.jp%2fpub%2fcygwin%2f/x86_64/release/rebase/rebase-4.4.2-1.tar.xz
2017/01/12 00:43:45 Extracting from file://C:\Users\cmadas\OneDrive\toku-download-for-work\stdenv_cygwin\tmp_cache/ftp%3a%2f%2fftp.jaist.ac.jp%2fpub%2fcygwin%2f/x86_64/release/run/run-1.3.4-2.tar.xz
2017/01/12 00:43:45 Extracting from file://C:\Users\cmadas\OneDrive\toku-download-for-work\stdenv_cygwin\tmp_cache/ftp%3a%2f%2fftp.jaist.ac.jp%2fpub%2fcygwin%2f/x86_64/release/sed/sed-4.2.2-3.tar.bz2
2017/01/12 00:43:45 Extracting from file://C:\Users\cmadas\OneDrive\toku-download-for-work\stdenv_cygwin\tmp_cache/ftp%3a%2f%2fftp.jaist.ac.jp%2fpub%2fcygwin%2f/x86_64/release/tar/tar-1.29-1.tar.xz
2017/01/12 00:43:46 Extracting from file://C:\Users\cmadas\OneDrive\toku-download-for-work\stdenv_cygwin\tmp_cache/ftp%3a%2f%2fftp.jaist.ac.jp%2fpub%2fcygwin%2f/x86_64/release/ncurses/terminfo/terminfo-6.0-8.20160917.tar.xz
2017/01/12 00:43:46 Extracting from file://C:\Users\cmadas\OneDrive\toku-download-for-work\stdenv_cygwin\tmp_cache/ftp%3a%2f%2fftp.jaist.ac.jp%2fpub%2fcygwin%2f/x86_64/release/tzcode/tzcode-2016j-1.tar.xz
2017/01/12 00:43:46 Extracting from file://C:\Users\cmadas\OneDrive\toku-download-for-work\stdenv_cygwin\tmp_cache/ftp%3a%2f%2fftp.jaist.ac.jp%2fpub%2fcygwin%2f/noarch/release/tzdata/tzdata-2016j-1.tar.xz
2017/01/12 00:43:52 Extracting from file://C:\Users\cmadas\OneDrive\toku-download-for-work\stdenv_cygwin\tmp_cache/ftp%3a%2f%2fftp.jaist.ac.jp%2fpub%2fcygwin%2f/x86_64/release/util-linux/util-linux-2.25.2-2.tar.xz
2017/01/12 00:43:53 Extracting from file://C:\Users\cmadas\OneDrive\toku-download-for-work\stdenv_cygwin\tmp_cache/ftp%3a%2f%2fftp.jaist.ac.jp%2fpub%2fcygwin%2f/x86_64/release/vim/vim-minimal/vim-minimal-8.0.0094-1.tar.xz
2017/01/12 00:43:54 Extracting from file://C:\Users\cmadas\OneDrive\toku-download-for-work\stdenv_cygwin\tmp_cache/ftp%3a%2f%2fftp.jaist.ac.jp%2fpub%2fcygwin%2f/x86_64/release/which/which-2.20-2.tar.bz2
2017/01/12 00:43:54 Extracting from file://C:\Users\cmadas\OneDrive\toku-download-for-work\stdenv_cygwin\tmp_cache/ftp%3a%2f%2fftp.jaist.ac.jp%2fpub%2fcygwin%2f/x86_64/release/xz/xz-5.2.2-1.tar.xz
2017/01/12 00:43:54 Extracting from file://C:\Users\cmadas\OneDrive\toku-download-for-work\stdenv_cygwin\tmp_cache/ftp%3a%2f%2fftp.jaist.ac.jp%2fpub%2fcygwin%2f/x86_64/release/zlib/zlib0/zlib0-1.2.8-3.tar.xz
2017/01/12 00:43:54 Changing gid back to original
2017/01/12 00:43:54 running: C:\Users\cmadas\OneDrive\toku-download-for-work\stdenv_cygwin\cygwin64\bin\dash.exe "/etc/postinstall/0p_000_autorebase.dash"
2017/01/12 00:44:03 running: C:\Users\cmadas\OneDrive\toku-download-for-work\stdenv_cygwin\cygwin64\bin\dash.exe "/etc/postinstall/0p_update-info-dir.dash"
2017/01/12 00:44:05 running: C:\Users\cmadas\OneDrive\toku-download-for-work\stdenv_cygwin\cygwin64\bin\bash.exe --norc --noprofile "/etc/postinstall/000-cygwin-post-install.sh"
2017/01/12 00:44:05 running: C:\Users\cmadas\OneDrive\toku-download-for-work\stdenv_cygwin\cygwin64\bin\bash.exe --norc --noprofile "/etc/postinstall/coreutils.sh"
2017/01/12 00:44:05 running: C:\Users\cmadas\OneDrive\toku-download-for-work\stdenv_cygwin\cygwin64\bin\bash.exe --norc --noprofile "/etc/postinstall/bash.sh"
2017/01/12 00:44:05 running: C:\Users\cmadas\OneDrive\toku-download-for-work\stdenv_cygwin\cygwin64\bin\bash.exe --norc --noprofile "/etc/postinstall/base-files-mketc.sh"
2017/01/12 00:44:06 running: C:\Users\cmadas\OneDrive\toku-download-for-work\stdenv_cygwin\cygwin64\bin\bash.exe --norc --noprofile "/etc/postinstall/base-files-profile.sh"
2017/01/12 00:44:07 running: C:\Users\cmadas\OneDrive\toku-download-for-work\stdenv_cygwin\cygwin64\bin\bash.exe --norc --noprofile "/etc/postinstall/ca-certificates.sh"
2017/01/12 00:44:09 running: C:\Users\cmadas\OneDrive\toku-download-for-work\stdenv_cygwin\cygwin64\bin\bash.exe --norc --noprofile "/etc/postinstall/libsasl2_3.sh"
2017/01/12 00:44:09 running: C:\Users\cmadas\OneDrive\toku-download-for-work\stdenv_cygwin\cygwin64\bin\bash.exe --norc --noprofile "/etc/postinstall/man-db.sh"
2017/01/12 00:44:09 running: C:\Users\cmadas\OneDrive\toku-download-for-work\stdenv_cygwin\cygwin64\bin\bash.exe --norc --noprofile "/etc/postinstall/mintty.sh"
2017/01/12 00:44:10 running: C:\Users\cmadas\OneDrive\toku-download-for-work\stdenv_cygwin\cygwin64\bin\bash.exe --norc --noprofile "/etc/postinstall/zp_man-db.sh"
2017/01/12 00:44:10 Changing gid to Administrators
2017/01/12 00:44:12 note: Installation Complete
2017/01/12 00:44:12 Ending cygwin install
2017/01/14 17:53:05 Starting cygwin install, version 2.877
2017/01/14 17:53:05 User has backup/restore rights
2017/01/14 17:53:05 Current Directory: C:\Users\cmadas\OneDrive\toku-download-for-work\stdenv_cygwin\tmp_cache
2017/01/14 17:53:05 Could not open service McShield for query, start and stop. McAfee may not be installed, or we don't have access.
2017/01/14 17:53:05 root: C:\Users\cmadas\OneDrive\toku-download-for-work\stdenv_cygwin\cygwin64 system
2017/01/14 17:53:05 Selected local directory: C:\Users\cmadas\OneDrive\toku-download-for-work\stdenv_cygwin\tmp_cache
2017/01/14 17:53:05 net: Direct
2017/01/14 17:53:06 site: ftp://ftp.jaist.ac.jp/pub/cygwin/
2017/01/14 17:53:11 Downloaded C:\Users\cmadas\OneDrive\toku-download-for-work\stdenv_cygwin\tmp_cache/ftp%3a%2f%2fftp.jaist.ac.jp%2fpub%2fcygwin%2f/x86_64/release/vim/vim-minimal/vim-minimal-8.0.0170-1.tar.xz
2017/01/14 17:53:12 Downloaded C:\Users\cmadas\OneDrive\toku-download-for-work\stdenv_cygwin\tmp_cache/ftp%3a%2f%2fftp.jaist.ac.jp%2fpub%2fcygwin%2f/x86_64/release/zip/zip-3.0-12.tar.xz
2017/01/14 17:53:17 Uninstalling vim-minimal
2017/01/14 17:53:17 Extracting from file://C:\Users\cmadas\OneDrive\toku-download-for-work\stdenv_cygwin\tmp_cache/ftp%3a%2f%2fftp.jaist.ac.jp%2fpub%2fcygwin%2f/x86_64/release/vim/vim-minimal/vim-minimal-8.0.0170-1.tar.xz
2017/01/14 17:53:18 Extracting from file://C:\Users\cmadas\OneDrive\toku-download-for-work\stdenv_cygwin\tmp_cache/ftp%3a%2f%2fftp.jaist.ac.jp%2fpub%2fcygwin%2f/x86_64/release/zip/zip-3.0-12.tar.xz
2017/01/14 17:53:18 Changing gid back to original
2017/01/14 17:53:18 running: C:\Users\cmadas\OneDrive\toku-download-for-work\stdenv_cygwin\cygwin64\bin\dash.exe "/etc/postinstall/0p_000_autorebase.dash"
2017/01/14 17:53:23 running: C:\Users\cmadas\OneDrive\toku-download-for-work\stdenv_cygwin\cygwin64\bin\dash.exe "/etc/postinstall/0p_update-info-dir.dash"
2017/01/14 17:53:24 running: C:\Users\cmadas\OneDrive\toku-download-for-work\stdenv_cygwin\cygwin64\bin\bash.exe --norc --noprofile "/etc/postinstall/zp_man-db.sh"
2017/01/14 17:53:24 Changing gid to Administrators
2017/01/14 17:53:25 Ending cygwin install
